<?xml version="1.0" encoding="UTF-8"?>
<testng-results ignored="0" total="1" passed="1" failed="0" skipped="0">
  <reporter-output>
  </reporter-output>
  <suite started-at="2021-12-06T03:37:37Z" name="Default suite" finished-at="2021-12-06T03:38:02Z" duration-ms="25363">
    <groups>
      <group name="cucumber">
        <method signature="AbstractTestNGCucumberTests.runScenario(io.cucumber.testng.PickleWrapper, io.cucumber.testng.FeatureWrapper)[pri:0, instance:com.src.teststeps.TestRunnerTestNg@71e9ebae]" name="runScenario" class="io.cucumber.testng.AbstractTestNGCucumberTests"/>
      </group> <!-- cucumber -->
    </groups>
    <test started-at="2021-12-06T03:37:37Z" name="Default test" finished-at="2021-12-06T03:38:02Z" duration-ms="25363">
      <class name="com.src.teststeps.TestRunnerTestNg">
        <test-method is-config="true" signature="setUpClass()[pri:0, instance:com.src.teststeps.TestRunnerTestNg@71e9ebae]" started-at="2021-12-06T03:37:37Z" name="setUpClass" finished-at="2021-12-06T03:37:38Z" duration-ms="1238" status="PASS">
          <reporter-output>
          </reporter-output>
        </test-method> <!-- setUpClass -->
        <test-method signature="runScenario(io.cucumber.testng.PickleWrapper, io.cucumber.testng.FeatureWrapper)[pri:0, instance:com.src.teststeps.TestRunnerTestNg@71e9ebae]" started-at="2021-12-06T03:37:38Z" name="runScenario" description="Runs Cucumber Scenarios" data-provider="scenarios" finished-at="2021-12-06T03:38:02Z" duration-ms="23761" status="PASS">
          <params>
            <param index="0">
              <value>
                <![CDATA["Login Orange site scenario"]]>
              </value>
            </param>
            <param index="1">
              <value>
                <![CDATA["Optional[Login Orange Test Feature]"]]>
              </value>
            </param>
          </params>
          <reporter-output>
          </reporter-output>
        </test-method> <!-- runScenario -->
        <test-method is-config="true" signature="tearDownClass()[pri:0, instance:com.src.teststeps.TestRunnerTestNg@71e9ebae]" started-at="2021-12-06T03:38:02Z" name="tearDownClass" finished-at="2021-12-06T03:38:02Z" duration-ms="260" status="PASS">
          <reporter-output>
          </reporter-output>
        </test-method> <!-- tearDownClass -->
      </class> <!-- com.src.teststeps.TestRunnerTestNg -->
    </test> <!-- Default test -->
  </suite> <!-- Default suite -->
</testng-results>
